Arguments: 
  /Users/spalger/.nvm/versions/node/v8.11.0/bin/node /usr/local/Cellar/yarn/1.7.0/libexec/bin/yarn.js add link:../foo

PATH: 
  /Users/spalger/.nvm/versions/node/v8.11.0/bin:/Users/spalger/.sdkman/candidates/gradle/current/bin:/Users/spalger/.rbenv/shims:/Users/spalger/.cargo/bin:/Users/spalger/.avn/bin:/Users/spalger/.jabba/jdk/1.8.144/Contents/Home/bin:/Users/spalger/.dotfiles/bin:/Users/spalger/bin:/usr/local/bin:/usr/bin:/bin:/usr/sbin:/sbin

Yarn version: 
  1.7.0

Node version: 
  8.11.0

Platform: 
  darwin x64

Trace: 
  TypeError: Reduce of empty array with no initial value
      at Array.reduce (<anonymous>)
      at PackageLinker.<anonymous> (/usr/local/Cellar/yarn/1.7.0/libexec/lib/cli.js:50461:43)
      at Generator.next (<anonymous>)
      at step (/usr/local/Cellar/yarn/1.7.0/libexec/lib/cli.js:98:30)
      at /usr/local/Cellar/yarn/1.7.0/libexec/lib/cli.js:109:13
      at <anonymous>
      at process._tickCallback (internal/process/next_tick.js:188:7)

npm manifest: 
  {
    "name": "bar",
    "version": "1.0.0",
    "main": "index.js",
    "license": "MIT"
  }

yarn manifest: 
  No manifest

Lockfile: 
  No lockfile
